<?xml version='1.0' encoding='UTF-8'?>
<testsuite hostname="shehrozbaloch-thinkpad-x250" name="pipeline.toptest" tests="1" errors="0" failures="1" skipped="0" time="3.702" timestamp="2023-12-01T14:36:00">
                     <properties>
[...]
</properties>
                     <testcase classname="pipeline.toptest" name="Chisel Tester File toptest" time="3.702">
                                                 <failure message="io_output=0 (0x0) did not equal expected=104 (0x68) (lines in toptest.scala: 8)" type="org.scalatest.exceptions.TestFailedException">org.scalatest.exceptions.TestFailedException: io_output=0 (0x0) did not equal expected=104 (0x68) (lines in toptest.scala: 8)
	at chiseltest.internal.TestEnvInterface.testerExpect(TestEnvInterface.scala:107)
	at chiseltest.internal.TestEnvInterface.testerExpect$(TestEnvInterface.scala:70)
	at pipeline.toptest.testerExpect(toptest.scala:6)
	at chiseltest.backends.treadle.TreadleBackend.expectBits(TreadleBackend.scala:92)
	at chiseltest.package$testableData.expectWithStale(package.scala:166)
	at chiseltest.package$testableData.expect(package.scala:193)
	at pipeline.toptest.$anonfun$new$3(toptest.scala:11)
	at pipeline.toptest.$anonfun$new$3$adapted(toptest.scala:8)
	at chiseltest.backends.treadle.TreadleBackend.$anonfun$run$1(TreadleBackend.scala:152)
	at chiseltest.internal.ThreadedBackend$TesterThread$$anon$1.$anonfun$run$1(ThreadedBackend.scala:507)
	at chiseltest.backends.treadle.TreadleBackend.doTimescope(TreadleBackend.scala:109)
	at chiseltest.internal.ThreadedBackend$TesterThread$$anon$1.run(ThreadedBackend.scala:507)
	at java.base/java.lang.Thread.run(Thread.java:829)
Caused by: chiseltest.internal.FailedExpectException: io_output=0 (0x0) did not equal expected=104 (0x68) (lines in toptest.scala: 8)
	... 13 more
</failure>
                                               </testcase>
                     <system-out><![CDATA[]]></system-out>
                     <system-err><![CDATA[]]></system-err>
                   </testsuite>