<?xml version='1.0' encoding='UTF-8'?>
<testsuite hostname="shehrozbaloch-thinkpad-x250" name="pipeline.toptest" tests="1" errors="0" failures="1" skipped="0" time="2.264" timestamp="2023-12-13T14:49:57">
                     <properties>
[...]
</properties>
                     <testcase classname="pipeline.toptest" name="Chisel Tester File toptest" time="2.264">
                                                 <failure message="Connection between sink (UInt&lt;32&gt;(IO in unelaborated mem)) and source (UInt&lt;8&gt;[4](IO io_out in datamemory)) failed @: Sink (UInt&lt;32&gt;(IO in unelaborated mem)) and Source (UInt&lt;8&gt;[4](IO io_out in datamemory)) have different types." type="chisel3.internal.ChiselException">chisel3.internal.ChiselException: Connection between sink (UInt&lt;32&gt;(IO in unelaborated mem)) and source (UInt&lt;8&gt;[4](IO io_out in datamemory)) failed @: Sink (UInt&lt;32&gt;(IO in unelaborated mem)) and Source (UInt&lt;8&gt;[4](IO io_out in datamemory)) have different types.
	at ... ()
	at pipeline.mem.&lt;init&gt;(mem.scala:285)
	at pipeline.topcore.$anonfun$memmod$2(topcore.scala:22)
	at chisel3.Module$.do_apply(Module.scala:54)
	at pipeline.topcore.$anonfun$memmod$1(topcore.scala:22)
	at chisel3.internal.plugin.package$.autoNameRecursively(package.scala:52)
	at pipeline.topcore.&lt;init&gt;(topcore.scala:22)
	at pipeline.toptest.$anonfun$new$2(toptest.scala:8)
	at ... ()
	at ... (Stack trace trimmed to user code only. Rerun with --full-stacktrace to see the full stack trace)
</failure>
                                               </testcase>
                     <system-out><![CDATA[]]></system-out>
                     <system-err><![CDATA[]]></system-err>
                   </testsuite>