[0m[[0m[0mdebug[0m] [0m[0m> Exec(testOnly pipeline.toptest -- -DwriteVcd=1, Some(bd1aab80-1116-45c8-b203-49246fba6f5f), Some(CommandSource(console0)))[0m
[0m[[0m[0mdebug[0m] [0m[0mEvaluating tasks: Test / testOnly[0m
[0m[[0m[0mdebug[0m] [0m[0mRunning task... Cancel: Signal, check cycles: false, forcegc: true[0m
[0m[[0m[0minfo[0m] [0m[0mcompiling 1 Scala source to /home/shehroz/5 stage pipielining processor/target/scala-2.12/classes ...[0m
[0m[[0m[0minfo[0m] [0m[0m[32mtoptest:[0m[0m
[0m[[0m[0minfo[0m] [0m[0m[31m- Chisel Tester File toptest *** FAILED ***[0m[0m
[0m[[0m[0minfo[0m] [0m[0m[31m  chisel3.internal.ChiselException: Connection between sink (Bool(IO in unelaborated mem)) and source (Bool(false)) failed @: Sink is unwriteable by current module.[0m[0m
[0m[[0m[0minfo[0m] [0m[0m[31m  at ... ()[0m[0m
[0m[[0m[0minfo[0m] [0m[0m[31m  at pipeline.mem.<init>(mem.scala:49)[0m[0m
[0m[[0m[0minfo[0m] [0m[0m[31m  at pipeline.topcore.$anonfun$memmod$2(topcore.scala:35)[0m[0m
[0m[[0m[0minfo[0m] [0m[0m[31m  at chisel3.Module$.do_apply(Module.scala:54)[0m[0m
[0m[[0m[0minfo[0m] [0m[0m[31m  at pipeline.topcore.$anonfun$memmod$1(topcore.scala:35)[0m[0m
[0m[[0m[0minfo[0m] [0m[0m[31m  at chisel3.internal.plugin.package$.autoNameRecursively(package.scala:52)[0m[0m
[0m[[0m[0minfo[0m] [0m[0m[31m  at pipeline.topcore.<init>(topcore.scala:35)[0m[0m
[0m[[0m[0minfo[0m] [0m[0m[31m  at pipeline.toptest.$anonfun$new$2(toptest.scala:8)[0m[0m
[0m[[0m[0minfo[0m] [0m[0m[31m  at ... ()[0m[0m
[0m[[0m[0minfo[0m] [0m[0m[31m  at ... (Stack trace trimmed to user code only. Rerun with --full-stacktrace to see the full stack trace)[0m[0m
[0m[[0m[0minfo[0m] [0m[0m[31m  ...[0m[0m
[0m[[0m[0minfo[0m] [0m[0m[36mRun completed in 1 second, 578 milliseconds.[0m[0m
[0m[[0m[0minfo[0m] [0m[0m[36mTotal number of tests run: 1[0m[0m
[0m[[0m[0minfo[0m] [0m[0m[36mSuites: completed 1, aborted 0[0m[0m
[0m[[0m[0minfo[0m] [0m[0m[36mTests: succeeded 0, failed 1, canceled 0, ignored 0, pending 0[0m[0m
[0m[[0m[0minfo[0m] [0m[0m[31m*** 1 TEST FAILED ***[0m[0m
[0m[[0m[31merror[0m] [0m[0mFailed tests:[0m
[0m[[0m[31merror[0m] [0m[0m	pipeline.toptest[0m
[0m[[0m[0mdebug[0m] [0m[0mForcing garbage collection...[0m
[0m[[0m[31merror[0m] [0m[0m(Test / [31mtestOnly[0m) sbt.TestsFailedException: Tests unsuccessful[0m
[0m[[0m[31merror[0m] [0m[0mTotal time: 5 s, completed Dec 18, 2023, 5:19:35 PM[0m
[0m[[0m[0mdebug[0m] [0m[0m> Exec(shell, None, None)[0m
[0m[[0m[0mdebug[0m] [0m[0mForcing garbage collection...[0m
[0m[[0m[0minfo[0m] [0m[0mshutting down sbt server[0m
