[0m[[0m[0mdebug[0m] [0m[0m> Exec(testOnly pipeline.toptest, Some(b3c3ead8-7021-4f57-bc7b-64999579aff3), Some(CommandSource(console0)))[0m
[0m[[0m[0mdebug[0m] [0m[0mEvaluating tasks: Test / testOnly[0m
[0m[[0m[0mdebug[0m] [0m[0mRunning task... Cancel: Signal, check cycles: false, forcegc: true[0m
[0m[[0m[0minfo[0m] [0m[0mcompiling 4 Scala sources to /home/shehroz/5 stage pipielining processor/target/scala-2.12/classes ...[0m
[0m[[0m[0minfo[0m] [0m[0m[32mtoptest:[0m[0m
[0m[[0m[0minfo[0m] [0m[0m[31m- Chisel Tester File toptest *** FAILED ***[0m[0m
[0m[[0m[0minfo[0m] [0m[0m[31m  chisel3.internal.ChiselException: Connection between sink (UInt<32>(IO in unelaborated fetch)) and source (UInt<1>(0)) failed @: Sink is unwriteable by current module.[0m[0m
[0m[[0m[0minfo[0m] [0m[0m[31m  at ... ()[0m[0m
[0m[[0m[0minfo[0m] [0m[0m[31m  at pipeline.fetch.<init>(fetch.scala:26)[0m[0m
[0m[[0m[0minfo[0m] [0m[0m[31m  at pipeline.topcore.$anonfun$fetchmod$2(topcore.scala:15)[0m[0m
[0m[[0m[0minfo[0m] [0m[0m[31m  at chisel3.Module$.do_apply(Module.scala:54)[0m[0m
[0m[[0m[0minfo[0m] [0m[0m[31m  at pipeline.topcore.$anonfun$fetchmod$1(topcore.scala:15)[0m[0m
[0m[[0m[0minfo[0m] [0m[0m[31m  at chisel3.internal.plugin.package$.autoNameRecursively(package.scala:52)[0m[0m
[0m[[0m[0minfo[0m] [0m[0m[31m  at pipeline.topcore.<init>(topcore.scala:15)[0m[0m
[0m[[0m[0minfo[0m] [0m[0m[31m  at pipeline.toptest.$anonfun$new$2(toptest.scala:8)[0m[0m
[0m[[0m[0minfo[0m] [0m[0m[31m  at ... ()[0m[0m
[0m[[0m[0minfo[0m] [0m[0m[31m  at ... (Stack trace trimmed to user code only. Rerun with --full-stacktrace to see the full stack trace)[0m[0m
[0m[[0m[0minfo[0m] [0m[0m[31m  ...[0m[0m
[0m[[0m[0minfo[0m] [0m[0m[36mRun completed in 830 milliseconds.[0m[0m
[0m[[0m[0minfo[0m] [0m[0m[36mTotal number of tests run: 1[0m[0m
[0m[[0m[0minfo[0m] [0m[0m[36mSuites: completed 1, aborted 0[0m[0m
[0m[[0m[0minfo[0m] [0m[0m[36mTests: succeeded 0, failed 1, canceled 0, ignored 0, pending 0[0m[0m
[0m[[0m[0minfo[0m] [0m[0m[31m*** 1 TEST FAILED ***[0m[0m
[0m[[0m[31merror[0m] [0m[0mFailed tests:[0m
[0m[[0m[31merror[0m] [0m[0m	pipeline.toptest[0m
[0m[[0m[31merror[0m] [0m[0m(Test / [31mtestOnly[0m) sbt.TestsFailedException: Tests unsuccessful[0m
[0m[[0m[31merror[0m] [0m[0mTotal time: 5 s, completed Dec 13, 2023, 10:08:44 PM[0m
[0m[[0m[0mdebug[0m] [0m[0m> Exec(shell, None, None)[0m
[0m[[0m[0mdebug[0m] [0m[0mForcing garbage collection...[0m
