[0m[[0m[0mdebug[0m] [0m[0m> Exec(testOnly pipeline.toptest -- -DwriteVcd=1, Some(dff99dd9-3611-4a2d-b369-6233d5172061), Some(CommandSource(console0)))[0m
[0m[[0m[0mdebug[0m] [0m[0mEvaluating tasks: Test / testOnly[0m
[0m[[0m[0mdebug[0m] [0m[0mRunning task... Cancel: Signal, check cycles: false, forcegc: true[0m
[0m[[0m[0minfo[0m] [0m[0mcompiling 1 Scala source to /home/shehroz/5 stage pipielining processor/target/scala-2.12/classes ...[0m
[0m[[0m[0minfo[0m] [0m[0m[32mtoptest:[0m[0m
[0m[[0m[0minfo[0m] [0m[0m[31m- Chisel Tester File toptest *** FAILED ***[0m[0m
[0m[[0m[0minfo[0m] [0m[0m[31m  chisel3.internal.ChiselException: Connection between sink (UInt<8>(IO in unelaborated mem)) and source (UInt<8>(IO in unelaborated mem)) failed @: Sink is unwriteable by current module.[0m[0m
[0m[[0m[0minfo[0m] [0m[0m[31m  at ... ()[0m[0m
[0m[[0m[0minfo[0m] [0m[0m[31m  at pipeline.mem.$anonfun$new$27(mem.scala:113)[0m[0m
[0m[[0m[0minfo[0m] [0m[0m[31m  at scala.runtime.java8.JFunction0$mcV$sp.apply(JFunction0$mcV$sp.java:23)[0m[0m
[0m[[0m[0minfo[0m] [0m[0m[31m  at chisel3.WhenContext.<init>(When.scala:124)[0m[0m
[0m[[0m[0minfo[0m] [0m[0m[31m  at chisel3.when$.apply(When.scala:31)[0m[0m
[0m[[0m[0minfo[0m] [0m[0m[31m  at pipeline.mem.$anonfun$new$25(mem.scala:107)[0m[0m
[0m[[0m[0minfo[0m] [0m[0m[31m  at chisel3.WhenContext.<init>(When.scala:124)[0m[0m
[0m[[0m[0minfo[0m] [0m[0m[31m  at chisel3.when$.apply(When.scala:31)[0m[0m
[0m[[0m[0minfo[0m] [0m[0m[31m  at pipeline.mem.$anonfun$new$16(mem.scala:104)[0m[0m
[0m[[0m[0minfo[0m] [0m[0m[31m  at chisel3.WhenContext.<init>(When.scala:124)[0m[0m
[0m[[0m[0minfo[0m] [0m[0m[31m  ...[0m[0m
[0m[[0m[0minfo[0m] [0m[0m[36mRun completed in 791 milliseconds.[0m[0m
[0m[[0m[0minfo[0m] [0m[0m[36mTotal number of tests run: 1[0m[0m
[0m[[0m[0minfo[0m] [0m[0m[36mSuites: completed 1, aborted 0[0m[0m
[0m[[0m[0minfo[0m] [0m[0m[36mTests: succeeded 0, failed 1, canceled 0, ignored 0, pending 0[0m[0m
[0m[[0m[0minfo[0m] [0m[0m[31m*** 1 TEST FAILED ***[0m[0m
[0m[[0m[31merror[0m] [0m[0mFailed tests:[0m
[0m[[0m[31merror[0m] [0m[0m	pipeline.toptest[0m
[0m[[0m[31merror[0m] [0m[0m(Test / [31mtestOnly[0m) sbt.TestsFailedException: Tests unsuccessful[0m
[0m[[0m[31merror[0m] [0m[0mTotal time: 3 s, completed Dec 20, 2023, 3:21:03 PM[0m
[0m[[0m[0mdebug[0m] [0m[0m> Exec(shell, None, None)[0m
[0m[[0m[0mdebug[0m] [0m[0mForcing garbage collection...[0m
[0m[[0m[0minfo[0m] [0m[0mshutting down sbt server[0m
