[0m[[0m[0mdebug[0m] [0m[0mRunning TaskDef(pipeline.toptest, org.scalatest.tools.Framework$$anon$1@2d7fd643, false, [SuiteSelector])[0m
[0m[[0m[0minfo[0m] [0m[0m[32mtoptest:[0m[0m
[0m[[0m[0minfo[0m] [0m[0m[31m- Chisel Tester File toptest *** FAILED ***[0m[0m
[0m[[0m[0minfo[0m] [0m[0m[31m  chisel3.internal.ChiselException: Connection between sink (UInt<32>(IO in unelaborated mem)) and source (UInt<8>[4](IO io_out in datamemory)) failed @: Sink (UInt<32>(IO in unelaborated mem)) and Source (UInt<8>[4](IO io_out in datamemory)) have different types.[0m[0m
[0m[[0m[0minfo[0m] [0m[0m[31m  at ... ()[0m[0m
[0m[[0m[0minfo[0m] [0m[0m[31m  at pipeline.mem.<init>(mem.scala:285)[0m[0m
[0m[[0m[0minfo[0m] [0m[0m[31m  at pipeline.topcore.$anonfun$memmod$2(topcore.scala:22)[0m[0m
[0m[[0m[0minfo[0m] [0m[0m[31m  at chisel3.Module$.do_apply(Module.scala:54)[0m[0m
[0m[[0m[0minfo[0m] [0m[0m[31m  at pipeline.topcore.$anonfun$memmod$1(topcore.scala:22)[0m[0m
[0m[[0m[0minfo[0m] [0m[0m[31m  at chisel3.internal.plugin.package$.autoNameRecursively(package.scala:52)[0m[0m
[0m[[0m[0minfo[0m] [0m[0m[31m  at pipeline.topcore.<init>(topcore.scala:22)[0m[0m
[0m[[0m[0minfo[0m] [0m[0m[31m  at pipeline.toptest.$anonfun$new$2(toptest.scala:8)[0m[0m
[0m[[0m[0minfo[0m] [0m[0m[31m  at ... ()[0m[0m
[0m[[0m[0minfo[0m] [0m[0m[31m  at ... (Stack trace trimmed to user code only. Rerun with --full-stacktrace to see the full stack trace)[0m[0m
[0m[[0m[0minfo[0m] [0m[0m[31m  ...[0m[0m
[0m[[0m[0minfo[0m] [0m[0m[36mRun completed in 2 seconds, 946 milliseconds.[0m[0m
[0m[[0m[0minfo[0m] [0m[0m[36mTotal number of tests run: 1[0m[0m
[0m[[0m[0minfo[0m] [0m[0m[36mSuites: completed 1, aborted 0[0m[0m
[0m[[0m[0minfo[0m] [0m[0m[36mTests: succeeded 0, failed 1, canceled 0, ignored 0, pending 0[0m[0m
[0m[[0m[0minfo[0m] [0m[0m[31m*** 1 TEST FAILED ***[0m[0m
[0m[[0m[31merror[0m] [0m[0mFailed tests:[0m
[0m[[0m[31merror[0m] [0m[0m	pipeline.toptest[0m
[0m[[0m[31merror[0m] [0m[0m(Test / [31mtestOnly[0m) sbt.TestsFailedException: Tests unsuccessful[0m
